mode: set
git.kernel.fun/chapati.systems/covpeek/internal/detector/detector.go:26.41,27.11 1 1
git.kernel.fun/chapati.systems/covpeek/internal/detector/detector.go:28.18,29.16 1 1
git.kernel.fun/chapati.systems/covpeek/internal/detector/detector.go:30.21,31.23 1 1
git.kernel.fun/chapati.systems/covpeek/internal/detector/detector.go:32.24,33.31 1 1
git.kernel.fun/chapati.systems/covpeek/internal/detector/detector.go:34.25,35.32 1 1
git.kernel.fun/chapati.systems/covpeek/internal/detector/detector.go:36.10,37.19 1 1
git.kernel.fun/chapati.systems/covpeek/internal/detector/detector.go:42.61,54.52 8 1
git.kernel.fun/chapati.systems/covpeek/internal/detector/detector.go:54.52,60.17 3 1
git.kernel.fun/chapati.systems/covpeek/internal/detector/detector.go:60.17,61.12 1 0
git.kernel.fun/chapati.systems/covpeek/internal/detector/detector.go:66.3,66.57 1 1
git.kernel.fun/chapati.systems/covpeek/internal/detector/detector.go:66.57,68.23 2 1
git.kernel.fun/chapati.systems/covpeek/internal/detector/detector.go:68.23,70.61 2 1
git.kernel.fun/chapati.systems/covpeek/internal/detector/detector.go:70.61,72.6 1 1
git.kernel.fun/chapati.systems/covpeek/internal/detector/detector.go:77.3,77.88 1 1
git.kernel.fun/chapati.systems/covpeek/internal/detector/detector.go:77.88,79.4 1 0
git.kernel.fun/chapati.systems/covpeek/internal/detector/detector.go:82.3,82.86 1 1
git.kernel.fun/chapati.systems/covpeek/internal/detector/detector.go:82.86,84.4 1 0
git.kernel.fun/chapati.systems/covpeek/internal/detector/detector.go:87.3,94.28 1 1
git.kernel.fun/chapati.systems/covpeek/internal/detector/detector.go:94.28,96.4 1 1
git.kernel.fun/chapati.systems/covpeek/internal/detector/detector.go:99.2,99.38 1 1
git.kernel.fun/chapati.systems/covpeek/internal/detector/detector.go:99.38,101.3 1 0
git.kernel.fun/chapati.systems/covpeek/internal/detector/detector.go:104.2,104.18 1 1
git.kernel.fun/chapati.systems/covpeek/internal/detector/detector.go:104.18,106.3 1 1
git.kernel.fun/chapati.systems/covpeek/internal/detector/detector.go:108.2,108.19 1 1
git.kernel.fun/chapati.systems/covpeek/internal/detector/detector.go:108.19,110.3 1 0
git.kernel.fun/chapati.systems/covpeek/internal/detector/detector.go:112.2,112.20 1 1
git.kernel.fun/chapati.systems/covpeek/internal/detector/detector.go:112.20,114.3 1 0
git.kernel.fun/chapati.systems/covpeek/internal/detector/detector.go:116.2,116.20 1 1
git.kernel.fun/chapati.systems/covpeek/internal/detector/detector.go:116.20,118.3 1 1
git.kernel.fun/chapati.systems/covpeek/internal/detector/detector.go:120.2,120.27 1 1
git.kernel.fun/chapati.systems/covpeek/internal/detector/detector.go:124.62,128.41 2 1
git.kernel.fun/chapati.systems/covpeek/internal/detector/detector.go:128.41,130.3 1 1
git.kernel.fun/chapati.systems/covpeek/internal/detector/detector.go:133.2,133.83 1 1
git.kernel.fun/chapati.systems/covpeek/internal/detector/detector.go:133.83,135.3 1 0
git.kernel.fun/chapati.systems/covpeek/internal/detector/detector.go:138.2,138.84 1 1
git.kernel.fun/chapati.systems/covpeek/internal/detector/detector.go:138.84,140.3 1 0
git.kernel.fun/chapati.systems/covpeek/internal/detector/detector.go:143.2,145.43 1 1
git.kernel.fun/chapati.systems/covpeek/internal/detector/detector.go:145.43,147.3 1 1
git.kernel.fun/chapati.systems/covpeek/internal/detector/detector.go:149.2,149.22 1 1
git.kernel.fun/chapati.systems/covpeek/pkg/models/coverage.go:34.42,38.2 1 1
git.kernel.fun/chapati.systems/covpeek/pkg/models/coverage.go:41.52,43.2 1 1
git.kernel.fun/chapati.systems/covpeek/pkg/models/coverage.go:46.65,48.2 1 1
git.kernel.fun/chapati.systems/covpeek/pkg/models/coverage.go:51.108,52.29 1 1
git.kernel.fun/chapati.systems/covpeek/pkg/models/coverage.go:52.29,55.3 2 1
git.kernel.fun/chapati.systems/covpeek/pkg/models/coverage.go:56.2,56.20 1 1
git.kernel.fun/chapati.systems/covpeek/pkg/models/coverage.go:56.20,58.3 1 1
git.kernel.fun/chapati.systems/covpeek/pkg/models/coverage.go:59.2,59.8 1 1
git.kernel.fun/chapati.systems/covpeek/pkg/models/coverage.go:63.45,64.23 1 1
git.kernel.fun/chapati.systems/covpeek/pkg/models/coverage.go:64.23,66.3 1 1
git.kernel.fun/chapati.systems/covpeek/cmd/covpeek/ci.go:26.13,30.2 3 1
git.kernel.fun/chapati.systems/covpeek/cmd/covpeek/ci.go:32.53,33.42 1 0
git.kernel.fun/chapati.systems/covpeek/cmd/covpeek/ci.go:33.42,35.3 1 0
git.kernel.fun/chapati.systems/covpeek/cmd/covpeek/ci.go:38.2,51.37 3 0
git.kernel.fun/chapati.systems/covpeek/cmd/covpeek/ci.go:51.37,52.42 1 0
git.kernel.fun/chapati.systems/covpeek/cmd/covpeek/ci.go:52.42,55.18 2 0
git.kernel.fun/chapati.systems/covpeek/cmd/covpeek/ci.go:55.18,57.13 2 0
git.kernel.fun/chapati.systems/covpeek/cmd/covpeek/ci.go:59.4,59.37 1 0
git.kernel.fun/chapati.systems/covpeek/cmd/covpeek/ci.go:63.2,63.23 1 0
git.kernel.fun/chapati.systems/covpeek/cmd/covpeek/ci.go:63.23,66.3 2 0
git.kernel.fun/chapati.systems/covpeek/cmd/covpeek/ci.go:69.2,75.31 3 0
git.kernel.fun/chapati.systems/covpeek/cmd/covpeek/ci.go:75.31,78.3 2 0
git.kernel.fun/chapati.systems/covpeek/cmd/covpeek/ci.go:78.8,81.3 2 0
git.kernel.fun/chapati.systems/covpeek/cmd/covpeek/ci.go:83.2,83.12 1 0
git.kernel.fun/chapati.systems/covpeek/cmd/covpeek/ci.go:86.73,88.16 2 1
git.kernel.fun/chapati.systems/covpeek/cmd/covpeek/ci.go:88.16,90.3 1 1
git.kernel.fun/chapati.systems/covpeek/cmd/covpeek/ci.go:91.2,94.16 3 1
git.kernel.fun/chapati.systems/covpeek/cmd/covpeek/ci.go:94.16,96.3 1 0
git.kernel.fun/chapati.systems/covpeek/cmd/covpeek/ci.go:99.2,100.38 2 1
git.kernel.fun/chapati.systems/covpeek/cmd/covpeek/ci.go:100.38,103.17 3 0
git.kernel.fun/chapati.systems/covpeek/cmd/covpeek/ci.go:103.17,105.4 1 0
git.kernel.fun/chapati.systems/covpeek/cmd/covpeek/ci.go:108.2,108.38 1 1
git.kernel.fun/chapati.systems/covpeek/cmd/covpeek/ci.go:108.38,110.3 1 0
git.kernel.fun/chapati.systems/covpeek/cmd/covpeek/ci.go:113.2,114.16 2 1
git.kernel.fun/chapati.systems/covpeek/cmd/covpeek/ci.go:115.27,117.50 2 1
git.kernel.fun/chapati.systems/covpeek/cmd/covpeek/ci.go:118.30,120.50 2 0
git.kernel.fun/chapati.systems/covpeek/cmd/covpeek/ci.go:121.33,123.50 2 0
git.kernel.fun/chapati.systems/covpeek/cmd/covpeek/ci.go:124.34,126.50 2 0
git.kernel.fun/chapati.systems/covpeek/cmd/covpeek/ci.go:127.10,128.59 1 0
git.kernel.fun/chapati.systems/covpeek/cmd/covpeek/ci.go:131.2,131.20 1 1
git.kernel.fun/chapati.systems/covpeek/cmd/covpeek/ci.go:134.76,136.33 2 1
git.kernel.fun/chapati.systems/covpeek/cmd/covpeek/ci.go:136.33,137.37 1 1
git.kernel.fun/chapati.systems/covpeek/cmd/covpeek/ci.go:137.37,139.66 1 1
git.kernel.fun/chapati.systems/covpeek/cmd/covpeek/ci.go:139.66,144.5 3 1
git.kernel.fun/chapati.systems/covpeek/cmd/covpeek/ci.go:144.10,146.5 1 1
git.kernel.fun/chapati.systems/covpeek/cmd/covpeek/ci.go:149.2,149.15 1 1
git.kernel.fun/chapati.systems/covpeek/cmd/covpeek/filters.go:8.100,12.39 3 1
git.kernel.fun/chapati.systems/covpeek/cmd/covpeek/filters.go:12.39,13.38 1 1
git.kernel.fun/chapati.systems/covpeek/cmd/covpeek/filters.go:13.38,15.4 1 1
git.kernel.fun/chapati.systems/covpeek/cmd/covpeek/filters.go:18.2,18.17 1 1
git.kernel.fun/chapati.systems/covpeek/cmd/covpeek/main.go:3.13,5.2 1 0
git.kernel.fun/chapati.systems/covpeek/cmd/covpeek/output.go:15.55,16.27 1 1
git.kernel.fun/chapati.systems/covpeek/cmd/covpeek/output.go:16.27,18.3 1 1
git.kernel.fun/chapati.systems/covpeek/cmd/covpeek/output.go:20.2,20.28 1 1
git.kernel.fun/chapati.systems/covpeek/cmd/covpeek/output.go:20.28,23.3 2 1
git.kernel.fun/chapati.systems/covpeek/cmd/covpeek/output.go:26.2,35.38 4 1
git.kernel.fun/chapati.systems/covpeek/cmd/covpeek/output.go:35.38,37.3 1 1
git.kernel.fun/chapati.systems/covpeek/cmd/covpeek/output.go:39.2,39.42 1 1
git.kernel.fun/chapati.systems/covpeek/cmd/covpeek/output.go:39.42,41.3 1 1
git.kernel.fun/chapati.systems/covpeek/cmd/covpeek/output.go:44.2,45.15 2 1
git.kernel.fun/chapati.systems/covpeek/cmd/covpeek/output.go:45.15,46.35 1 1
git.kernel.fun/chapati.systems/covpeek/cmd/covpeek/output.go:46.35,48.4 1 0
git.kernel.fun/chapati.systems/covpeek/cmd/covpeek/output.go:52.2,52.91 1 1
git.kernel.fun/chapati.systems/covpeek/cmd/covpeek/output.go:52.91,54.3 1 0
git.kernel.fun/chapati.systems/covpeek/cmd/covpeek/output.go:55.2,55.90 1 1
git.kernel.fun/chapati.systems/covpeek/cmd/covpeek/output.go:55.90,57.3 1 0
git.kernel.fun/chapati.systems/covpeek/cmd/covpeek/output.go:60.2,60.32 1 1
git.kernel.fun/chapati.systems/covpeek/cmd/covpeek/output.go:60.32,65.39 1 1
git.kernel.fun/chapati.systems/covpeek/cmd/covpeek/output.go:65.39,67.4 1 0
git.kernel.fun/chapati.systems/covpeek/cmd/covpeek/output.go:71.2,74.27 1 1
git.kernel.fun/chapati.systems/covpeek/cmd/covpeek/output.go:74.27,76.3 1 0
git.kernel.fun/chapati.systems/covpeek/cmd/covpeek/output.go:78.2,78.12 1 1
git.kernel.fun/chapati.systems/covpeek/cmd/covpeek/output.go:82.54,86.2 3 1
git.kernel.fun/chapati.systems/covpeek/cmd/covpeek/output.go:89.53,94.101 3 1
git.kernel.fun/chapati.systems/covpeek/cmd/covpeek/output.go:94.101,96.3 1 0
git.kernel.fun/chapati.systems/covpeek/cmd/covpeek/output.go:99.2,100.37 2 1
git.kernel.fun/chapati.systems/covpeek/cmd/covpeek/output.go:100.37,102.3 1 1
git.kernel.fun/chapati.systems/covpeek/cmd/covpeek/output.go:103.2,106.37 2 1
git.kernel.fun/chapati.systems/covpeek/cmd/covpeek/output.go:106.37,114.43 3 1
git.kernel.fun/chapati.systems/covpeek/cmd/covpeek/output.go:114.43,116.4 1 0
git.kernel.fun/chapati.systems/covpeek/cmd/covpeek/output.go:119.2,119.12 1 1
git.kernel.fun/chapati.systems/covpeek/cmd/covpeek/parse.go:33.13,43.2 6 1
git.kernel.fun/chapati.systems/covpeek/cmd/covpeek/parse.go:46.61,48.24 1 1
git.kernel.fun/chapati.systems/covpeek/cmd/covpeek/parse.go:48.24,50.3 1 1
git.kernel.fun/chapati.systems/covpeek/cmd/covpeek/parse.go:52.2,53.16 2 1
git.kernel.fun/chapati.systems/covpeek/cmd/covpeek/parse.go:53.16,54.25 1 1
git.kernel.fun/chapati.systems/covpeek/cmd/covpeek/parse.go:54.25,56.4 1 1
git.kernel.fun/chapati.systems/covpeek/cmd/covpeek/parse.go:57.3,57.68 1 0
git.kernel.fun/chapati.systems/covpeek/cmd/covpeek/parse.go:60.2,60.22 1 1
git.kernel.fun/chapati.systems/covpeek/cmd/covpeek/parse.go:60.22,62.3 1 1
git.kernel.fun/chapati.systems/covpeek/cmd/covpeek/parse.go:65.2,66.16 2 1
git.kernel.fun/chapati.systems/covpeek/cmd/covpeek/parse.go:66.16,68.3 1 0
git.kernel.fun/chapati.systems/covpeek/cmd/covpeek/parse.go:69.2,72.23 2 1
git.kernel.fun/chapati.systems/covpeek/cmd/covpeek/parse.go:72.23,82.50 2 1
git.kernel.fun/chapati.systems/covpeek/cmd/covpeek/parse.go:82.50,84.4 1 1
git.kernel.fun/chapati.systems/covpeek/cmd/covpeek/parse.go:88.2,88.36 1 1
git.kernel.fun/chapati.systems/covpeek/cmd/covpeek/parse.go:88.36,90.3 1 1
git.kernel.fun/chapati.systems/covpeek/cmd/covpeek/parse.go:93.2,98.50 2 1
git.kernel.fun/chapati.systems/covpeek/cmd/covpeek/parse.go:98.50,100.3 1 1
git.kernel.fun/chapati.systems/covpeek/cmd/covpeek/parse.go:102.2,102.12 1 1
git.kernel.fun/chapati.systems/covpeek/cmd/covpeek/parse.go:105.56,107.40 1 1
git.kernel.fun/chapati.systems/covpeek/cmd/covpeek/parse.go:107.40,109.3 1 1
git.kernel.fun/chapati.systems/covpeek/cmd/covpeek/parse.go:112.2,112.49 1 1
git.kernel.fun/chapati.systems/covpeek/cmd/covpeek/parse.go:112.49,114.3 1 1
git.kernel.fun/chapati.systems/covpeek/cmd/covpeek/parse.go:117.2,118.16 2 1
git.kernel.fun/chapati.systems/covpeek/cmd/covpeek/parse.go:118.16,120.3 1 0
git.kernel.fun/chapati.systems/covpeek/cmd/covpeek/parse.go:121.2,121.15 1 1
git.kernel.fun/chapati.systems/covpeek/cmd/covpeek/parse.go:121.15,121.35 1 1
git.kernel.fun/chapati.systems/covpeek/cmd/covpeek/parse.go:124.2,125.16 2 1
git.kernel.fun/chapati.systems/covpeek/cmd/covpeek/parse.go:125.16,127.3 1 0
git.kernel.fun/chapati.systems/covpeek/cmd/covpeek/parse.go:130.2,131.23 2 1
git.kernel.fun/chapati.systems/covpeek/cmd/covpeek/parse.go:131.23,133.39 1 1
git.kernel.fun/chapati.systems/covpeek/cmd/covpeek/parse.go:134.29,135.32 1 1
git.kernel.fun/chapati.systems/covpeek/cmd/covpeek/parse.go:136.13,137.35 1 0
git.kernel.fun/chapati.systems/covpeek/cmd/covpeek/parse.go:138.26,139.38 1 0
git.kernel.fun/chapati.systems/covpeek/cmd/covpeek/parse.go:140.17,141.39 1 0
git.kernel.fun/chapati.systems/covpeek/cmd/covpeek/parse.go:142.11,143.113 1 0
git.kernel.fun/chapati.systems/covpeek/cmd/covpeek/parse.go:145.3,145.53 1 1
git.kernel.fun/chapati.systems/covpeek/cmd/covpeek/parse.go:146.8,149.39 2 1
git.kernel.fun/chapati.systems/covpeek/cmd/covpeek/parse.go:149.39,152.18 2 0
git.kernel.fun/chapati.systems/covpeek/cmd/covpeek/parse.go:152.18,154.5 1 0
git.kernel.fun/chapati.systems/covpeek/cmd/covpeek/parse.go:157.3,157.39 1 1
git.kernel.fun/chapati.systems/covpeek/cmd/covpeek/parse.go:157.39,159.4 1 0
git.kernel.fun/chapati.systems/covpeek/cmd/covpeek/parse.go:161.3,161.49 1 1
git.kernel.fun/chapati.systems/covpeek/cmd/covpeek/parse.go:165.2,166.16 2 1
git.kernel.fun/chapati.systems/covpeek/cmd/covpeek/parse.go:167.27,170.17 3 1
git.kernel.fun/chapati.systems/covpeek/cmd/covpeek/parse.go:170.17,172.4 1 0
git.kernel.fun/chapati.systems/covpeek/cmd/covpeek/parse.go:174.30,177.17 3 0
git.kernel.fun/chapati.systems/covpeek/cmd/covpeek/parse.go:177.17,179.4 1 0
git.kernel.fun/chapati.systems/covpeek/cmd/covpeek/parse.go:181.33,184.17 3 0
git.kernel.fun/chapati.systems/covpeek/cmd/covpeek/parse.go:184.17,186.4 1 0
git.kernel.fun/chapati.systems/covpeek/cmd/covpeek/parse.go:188.34,191.17 3 0
git.kernel.fun/chapati.systems/covpeek/cmd/covpeek/parse.go:191.17,193.4 1 0
git.kernel.fun/chapati.systems/covpeek/cmd/covpeek/parse.go:195.10,196.63 1 0
git.kernel.fun/chapati.systems/covpeek/cmd/covpeek/parse.go:200.2,200.18 1 1
git.kernel.fun/chapati.systems/covpeek/cmd/covpeek/parse.go:200.18,202.3 1 1
git.kernel.fun/chapati.systems/covpeek/cmd/covpeek/parse.go:205.2,205.13 1 1
git.kernel.fun/chapati.systems/covpeek/cmd/covpeek/parse.go:205.13,207.3 1 0
git.kernel.fun/chapati.systems/covpeek/cmd/covpeek/parse.go:209.2,209.39 1 1
git.kernel.fun/chapati.systems/covpeek/cmd/covpeek/parse.go:210.14,211.28 1 1
git.kernel.fun/chapati.systems/covpeek/cmd/covpeek/parse.go:212.13,213.27 1 1
git.kernel.fun/chapati.systems/covpeek/cmd/covpeek/parse.go:214.15,215.29 1 1
git.kernel.fun/chapati.systems/covpeek/cmd/covpeek/parse.go:216.10,217.29 1 0
git.kernel.fun/chapati.systems/covpeek/cmd/covpeek/parse.go:222.53,228.35 3 0
git.kernel.fun/chapati.systems/covpeek/cmd/covpeek/parse.go:228.35,230.3 1 0
git.kernel.fun/chapati.systems/covpeek/cmd/covpeek/parse.go:232.2,232.12 1 0
git.kernel.fun/chapati.systems/covpeek/cmd/covpeek/root.go:35.16,36.42 1 0
git.kernel.fun/chapati.systems/covpeek/cmd/covpeek/root.go:36.42,39.3 2 0
git.kernel.fun/chapati.systems/covpeek/cmd/covpeek/root.go:42.13,49.2 3 1
git.kernel.fun/chapati.systems/covpeek/cmd/covpeek/tui.go:24.62,35.38 3 1
git.kernel.fun/chapati.systems/covpeek/cmd/covpeek/tui.go:35.38,42.3 1 1
git.kernel.fun/chapati.systems/covpeek/cmd/covpeek/tui.go:45.2,45.39 1 1
git.kernel.fun/chapati.systems/covpeek/cmd/covpeek/tui.go:45.39,49.3 3 1
git.kernel.fun/chapati.systems/covpeek/cmd/covpeek/tui.go:52.2,79.3 7 1
git.kernel.fun/chapati.systems/covpeek/cmd/covpeek/tui.go:83.36,85.2 1 1
git.kernel.fun/chapati.systems/covpeek/cmd/covpeek/tui.go:88.62,91.27 2 1
git.kernel.fun/chapati.systems/covpeek/cmd/covpeek/tui.go:92.25,96.16 3 1
git.kernel.fun/chapati.systems/covpeek/cmd/covpeek/tui.go:97.20,99.78 1 1
git.kernel.fun/chapati.systems/covpeek/cmd/covpeek/tui.go:99.78,101.18 1 1
git.kernel.fun/chapati.systems/covpeek/cmd/covpeek/tui.go:101.18,105.37 3 1
git.kernel.fun/chapati.systems/covpeek/cmd/covpeek/tui.go:105.37,106.39 1 1
git.kernel.fun/chapati.systems/covpeek/cmd/covpeek/tui.go:106.39,108.12 2 1
git.kernel.fun/chapati.systems/covpeek/cmd/covpeek/tui.go:110.6,110.20 1 0
git.kernel.fun/chapati.systems/covpeek/cmd/covpeek/tui.go:114.18,115.23 1 1
git.kernel.fun/chapati.systems/covpeek/cmd/covpeek/tui.go:116.14,117.25 1 0
git.kernel.fun/chapati.systems/covpeek/cmd/covpeek/tui.go:117.25,119.5 1 0
git.kernel.fun/chapati.systems/covpeek/cmd/covpeek/tui.go:119.10,121.5 1 0
git.kernel.fun/chapati.systems/covpeek/cmd/covpeek/tui.go:122.22,123.22 1 1
git.kernel.fun/chapati.systems/covpeek/cmd/covpeek/tui.go:124.16,125.22 1 1
git.kernel.fun/chapati.systems/covpeek/cmd/covpeek/tui.go:127.12,129.17 1 1
git.kernel.fun/chapati.systems/covpeek/cmd/covpeek/tui.go:130.12,131.21 1 1
git.kernel.fun/chapati.systems/covpeek/cmd/covpeek/tui.go:132.12,133.21 1 1
git.kernel.fun/chapati.systems/covpeek/cmd/covpeek/tui.go:134.12,135.21 1 1
git.kernel.fun/chapati.systems/covpeek/cmd/covpeek/tui.go:136.12,137.21 1 1
git.kernel.fun/chapati.systems/covpeek/cmd/covpeek/tui.go:138.12,140.29 2 1
git.kernel.fun/chapati.systems/covpeek/cmd/covpeek/tui.go:144.2,145.15 2 1
git.kernel.fun/chapati.systems/covpeek/cmd/covpeek/tui.go:149.44,153.39 3 1
git.kernel.fun/chapati.systems/covpeek/cmd/covpeek/tui.go:153.39,155.25 2 1
git.kernel.fun/chapati.systems/covpeek/cmd/covpeek/tui.go:155.25,157.4 1 1
git.kernel.fun/chapati.systems/covpeek/cmd/covpeek/tui.go:158.3,158.25 1 1
git.kernel.fun/chapati.systems/covpeek/cmd/covpeek/tui.go:158.25,160.4 1 1
git.kernel.fun/chapati.systems/covpeek/cmd/covpeek/tui.go:163.3,163.39 1 1
git.kernel.fun/chapati.systems/covpeek/cmd/covpeek/tui.go:163.39,166.17 3 1
git.kernel.fun/chapati.systems/covpeek/cmd/covpeek/tui.go:166.17,168.5 1 0
git.kernel.fun/chapati.systems/covpeek/cmd/covpeek/tui.go:169.4,169.22 1 1
git.kernel.fun/chapati.systems/covpeek/cmd/covpeek/tui.go:173.3,173.16 1 1
git.kernel.fun/chapati.systems/covpeek/cmd/covpeek/tui.go:173.16,175.4 1 0
git.kernel.fun/chapati.systems/covpeek/cmd/covpeek/tui.go:176.3,176.15 1 1
git.kernel.fun/chapati.systems/covpeek/cmd/covpeek/tui.go:179.2,179.23 1 1
git.kernel.fun/chapati.systems/covpeek/cmd/covpeek/tui.go:183.35,195.15 5 1
git.kernel.fun/chapati.systems/covpeek/cmd/covpeek/tui.go:195.15,197.3 1 0
git.kernel.fun/chapati.systems/covpeek/cmd/covpeek/tui.go:199.2,208.19 4 1
git.kernel.fun/chapati.systems/covpeek/pkg/parser/gocover.go:21.40,25.2 1 1
git.kernel.fun/chapati.systems/covpeek/pkg/parser/gocover.go:30.81,36.21 4 1
git.kernel.fun/chapati.systems/covpeek/pkg/parser/gocover.go:36.21,38.3 1 1
git.kernel.fun/chapati.systems/covpeek/pkg/parser/gocover.go:40.2,42.44 3 1
git.kernel.fun/chapati.systems/covpeek/pkg/parser/gocover.go:42.44,44.3 1 1
git.kernel.fun/chapati.systems/covpeek/pkg/parser/gocover.go:46.2,47.64 2 1
git.kernel.fun/chapati.systems/covpeek/pkg/parser/gocover.go:47.64,49.3 1 0
git.kernel.fun/chapati.systems/covpeek/pkg/parser/gocover.go:52.2,52.21 1 1
git.kernel.fun/chapati.systems/covpeek/pkg/parser/gocover.go:52.21,57.17 3 1
git.kernel.fun/chapati.systems/covpeek/pkg/parser/gocover.go:57.17,58.12 1 0
git.kernel.fun/chapati.systems/covpeek/pkg/parser/gocover.go:61.3,61.72 1 1
git.kernel.fun/chapati.systems/covpeek/pkg/parser/gocover.go:61.72,63.12 2 1
git.kernel.fun/chapati.systems/covpeek/pkg/parser/gocover.go:67.2,67.38 1 1
git.kernel.fun/chapati.systems/covpeek/pkg/parser/gocover.go:67.38,69.3 1 0
git.kernel.fun/chapati.systems/covpeek/pkg/parser/gocover.go:72.2,72.36 1 1
git.kernel.fun/chapati.systems/covpeek/pkg/parser/gocover.go:72.36,74.3 1 1
git.kernel.fun/chapati.systems/covpeek/pkg/parser/gocover.go:77.2,77.37 1 1
git.kernel.fun/chapati.systems/covpeek/pkg/parser/gocover.go:77.37,79.3 1 1
git.kernel.fun/chapati.systems/covpeek/pkg/parser/gocover.go:81.2,81.20 1 1
git.kernel.fun/chapati.systems/covpeek/pkg/parser/gocover.go:86.107,89.20 2 1
git.kernel.fun/chapati.systems/covpeek/pkg/parser/gocover.go:89.20,91.3 1 1
git.kernel.fun/chapati.systems/covpeek/pkg/parser/gocover.go:93.2,98.21 4 1
git.kernel.fun/chapati.systems/covpeek/pkg/parser/gocover.go:98.21,100.3 1 1
git.kernel.fun/chapati.systems/covpeek/pkg/parser/gocover.go:103.2,105.26 3 1
git.kernel.fun/chapati.systems/covpeek/pkg/parser/gocover.go:105.26,107.3 1 0
git.kernel.fun/chapati.systems/covpeek/pkg/parser/gocover.go:109.2,110.26 2 1
git.kernel.fun/chapati.systems/covpeek/pkg/parser/gocover.go:110.26,112.3 1 0
git.kernel.fun/chapati.systems/covpeek/pkg/parser/gocover.go:114.2,115.24 2 1
git.kernel.fun/chapati.systems/covpeek/pkg/parser/gocover.go:115.24,117.3 1 0
git.kernel.fun/chapati.systems/covpeek/pkg/parser/gocover.go:119.2,120.16 2 1
git.kernel.fun/chapati.systems/covpeek/pkg/parser/gocover.go:120.16,122.3 1 0
git.kernel.fun/chapati.systems/covpeek/pkg/parser/gocover.go:124.2,125.16 2 1
git.kernel.fun/chapati.systems/covpeek/pkg/parser/gocover.go:125.16,127.3 1 0
git.kernel.fun/chapati.systems/covpeek/pkg/parser/gocover.go:130.2,131.16 2 1
git.kernel.fun/chapati.systems/covpeek/pkg/parser/gocover.go:131.16,133.3 1 1
git.kernel.fun/chapati.systems/covpeek/pkg/parser/gocover.go:136.2,137.16 2 1
git.kernel.fun/chapati.systems/covpeek/pkg/parser/gocover.go:137.16,139.3 1 1
git.kernel.fun/chapati.systems/covpeek/pkg/parser/gocover.go:142.2,143.17 2 1
git.kernel.fun/chapati.systems/covpeek/pkg/parser/gocover.go:143.17,150.3 2 1
git.kernel.fun/chapati.systems/covpeek/pkg/parser/gocover.go:153.2,153.55 1 1
git.kernel.fun/chapati.systems/covpeek/pkg/parser/gocover.go:153.55,155.53 1 1
git.kernel.fun/chapati.systems/covpeek/pkg/parser/gocover.go:155.53,157.47 1 1
git.kernel.fun/chapati.systems/covpeek/pkg/parser/gocover.go:157.47,159.5 1 1
git.kernel.fun/chapati.systems/covpeek/pkg/parser/gocover.go:159.10,160.22 1 0
git.kernel.fun/chapati.systems/covpeek/pkg/parser/gocover.go:160.22,162.6 1 0
git.kernel.fun/chapati.systems/covpeek/pkg/parser/gocover.go:164.4,164.33 1 1
git.kernel.fun/chapati.systems/covpeek/pkg/parser/gocover.go:165.9,170.4 1 1
git.kernel.fun/chapati.systems/covpeek/pkg/parser/gocover.go:174.2,174.37 1 1
git.kernel.fun/chapati.systems/covpeek/pkg/parser/gocover.go:174.37,175.33 1 1
git.kernel.fun/chapati.systems/covpeek/pkg/parser/gocover.go:175.33,178.41 2 1
git.kernel.fun/chapati.systems/covpeek/pkg/parser/gocover.go:178.41,179.43 1 1
git.kernel.fun/chapati.systems/covpeek/pkg/parser/gocover.go:179.43,181.11 2 1
git.kernel.fun/chapati.systems/covpeek/pkg/parser/gocover.go:184.4,184.14 1 1
git.kernel.fun/chapati.systems/covpeek/pkg/parser/gocover.go:184.14,186.5 1 0
git.kernel.fun/chapati.systems/covpeek/pkg/parser/gocover.go:191.2,195.37 3 1
git.kernel.fun/chapati.systems/covpeek/pkg/parser/gocover.go:195.37,196.33 1 1
git.kernel.fun/chapati.systems/covpeek/pkg/parser/gocover.go:196.33,198.4 1 1
git.kernel.fun/chapati.systems/covpeek/pkg/parser/gocover.go:200.2,205.12 3 1
git.kernel.fun/chapati.systems/covpeek/pkg/parser/gocover.go:209.65,211.2 1 1
git.kernel.fun/chapati.systems/covpeek/pkg/parser/gocover.go:214.48,216.2 1 1
git.kernel.fun/chapati.systems/covpeek/pkg/parser/gocover.go:219.42,221.2 1 1
git.kernel.fun/chapati.systems/covpeek/pkg/parser/lcov.go:20.34,24.2 1 1
git.kernel.fun/chapati.systems/covpeek/pkg/parser/lcov.go:27.78,34.21 5 1
git.kernel.fun/chapati.systems/covpeek/pkg/parser/lcov.go:34.21,39.17 3 1
git.kernel.fun/chapati.systems/covpeek/pkg/parser/lcov.go:39.17,40.12 1 0
git.kernel.fun/chapati.systems/covpeek/pkg/parser/lcov.go:44.3,44.10 1 1
git.kernel.fun/chapati.systems/covpeek/pkg/parser/lcov.go:45.39,47.53 1 1
git.kernel.fun/chapati.systems/covpeek/pkg/parser/lcov.go:49.39,56.5 2 1
git.kernel.fun/chapati.systems/covpeek/pkg/parser/lcov.go:58.39,60.26 1 1
git.kernel.fun/chapati.systems/covpeek/pkg/parser/lcov.go:60.26,62.13 2 0
git.kernel.fun/chapati.systems/covpeek/pkg/parser/lcov.go:64.4,64.67 1 1
git.kernel.fun/chapati.systems/covpeek/pkg/parser/lcov.go:64.67,66.5 1 1
git.kernel.fun/chapati.systems/covpeek/pkg/parser/lcov.go:68.41,70.26 1 1
git.kernel.fun/chapati.systems/covpeek/pkg/parser/lcov.go:70.26,72.13 2 0
git.kernel.fun/chapati.systems/covpeek/pkg/parser/lcov.go:74.4,74.69 1 1
git.kernel.fun/chapati.systems/covpeek/pkg/parser/lcov.go:74.69,76.5 1 1
git.kernel.fun/chapati.systems/covpeek/pkg/parser/lcov.go:78.40,81.12 1 1
git.kernel.fun/chapati.systems/covpeek/pkg/parser/lcov.go:83.40,86.12 1 1
git.kernel.fun/chapati.systems/covpeek/pkg/parser/lcov.go:88.39,90.26 1 1
git.kernel.fun/chapati.systems/covpeek/pkg/parser/lcov.go:90.26,92.13 2 1
git.kernel.fun/chapati.systems/covpeek/pkg/parser/lcov.go:94.4,94.67 1 1
git.kernel.fun/chapati.systems/covpeek/pkg/parser/lcov.go:94.67,96.5 1 1
git.kernel.fun/chapati.systems/covpeek/pkg/parser/lcov.go:98.39,100.26 1 1
git.kernel.fun/chapati.systems/covpeek/pkg/parser/lcov.go:100.26,102.13 2 0
git.kernel.fun/chapati.systems/covpeek/pkg/parser/lcov.go:104.4,104.67 1 1
git.kernel.fun/chapati.systems/covpeek/pkg/parser/lcov.go:104.67,106.5 1 1
git.kernel.fun/chapati.systems/covpeek/pkg/parser/lcov.go:108.39,110.26 1 1
git.kernel.fun/chapati.systems/covpeek/pkg/parser/lcov.go:110.26,112.13 2 0
git.kernel.fun/chapati.systems/covpeek/pkg/parser/lcov.go:114.4,114.67 1 1
git.kernel.fun/chapati.systems/covpeek/pkg/parser/lcov.go:114.67,116.5 1 1
git.kernel.fun/chapati.systems/covpeek/pkg/parser/lcov.go:118.40,120.12 1 1
git.kernel.fun/chapati.systems/covpeek/pkg/parser/lcov.go:122.40,124.12 1 1
git.kernel.fun/chapati.systems/covpeek/pkg/parser/lcov.go:126.41,128.12 1 1
git.kernel.fun/chapati.systems/covpeek/pkg/parser/lcov.go:130.32,132.26 1 1
git.kernel.fun/chapati.systems/covpeek/pkg/parser/lcov.go:132.26,136.5 3 1
git.kernel.fun/chapati.systems/covpeek/pkg/parser/lcov.go:138.11,140.74 1 1
git.kernel.fun/chapati.systems/covpeek/pkg/parser/lcov.go:144.2,144.38 1 1
git.kernel.fun/chapati.systems/covpeek/pkg/parser/lcov.go:144.38,146.3 1 0
git.kernel.fun/chapati.systems/covpeek/pkg/parser/lcov.go:149.2,149.37 1 1
git.kernel.fun/chapati.systems/covpeek/pkg/parser/lcov.go:149.37,151.3 1 1
git.kernel.fun/chapati.systems/covpeek/pkg/parser/lcov.go:153.2,153.20 1 1
git.kernel.fun/chapati.systems/covpeek/pkg/parser/lcov.go:157.89,160.21 3 1
git.kernel.fun/chapati.systems/covpeek/pkg/parser/lcov.go:160.21,162.3 1 1
git.kernel.fun/chapati.systems/covpeek/pkg/parser/lcov.go:164.2,165.16 2 1
git.kernel.fun/chapati.systems/covpeek/pkg/parser/lcov.go:165.16,167.3 1 0
git.kernel.fun/chapati.systems/covpeek/pkg/parser/lcov.go:169.2,175.12 3 1
git.kernel.fun/chapati.systems/covpeek/pkg/parser/lcov.go:179.91,182.21 3 1
git.kernel.fun/chapati.systems/covpeek/pkg/parser/lcov.go:182.21,184.3 1 0
git.kernel.fun/chapati.systems/covpeek/pkg/parser/lcov.go:186.2,187.16 2 1
git.kernel.fun/chapati.systems/covpeek/pkg/parser/lcov.go:187.16,189.3 1 1
git.kernel.fun/chapati.systems/covpeek/pkg/parser/lcov.go:191.2,194.32 2 1
git.kernel.fun/chapati.systems/covpeek/pkg/parser/lcov.go:194.32,195.45 1 1
git.kernel.fun/chapati.systems/covpeek/pkg/parser/lcov.go:195.45,197.9 2 1
git.kernel.fun/chapati.systems/covpeek/pkg/parser/lcov.go:201.2,201.12 1 1
git.kernel.fun/chapati.systems/covpeek/pkg/parser/lcov.go:205.89,208.20 3 1
git.kernel.fun/chapati.systems/covpeek/pkg/parser/lcov.go:208.20,210.3 1 1
git.kernel.fun/chapati.systems/covpeek/pkg/parser/lcov.go:212.2,213.16 2 1
git.kernel.fun/chapati.systems/covpeek/pkg/parser/lcov.go:213.16,215.3 1 0
git.kernel.fun/chapati.systems/covpeek/pkg/parser/lcov.go:217.2,218.16 2 1
git.kernel.fun/chapati.systems/covpeek/pkg/parser/lcov.go:218.16,220.3 1 0
git.kernel.fun/chapati.systems/covpeek/pkg/parser/lcov.go:222.2,223.20 2 1
git.kernel.fun/chapati.systems/covpeek/pkg/parser/lcov.go:223.20,225.3 1 1
git.kernel.fun/chapati.systems/covpeek/pkg/parser/lcov.go:227.2,233.12 2 1
git.kernel.fun/chapati.systems/covpeek/pkg/parser/lcov.go:237.89,240.16 3 1
git.kernel.fun/chapati.systems/covpeek/pkg/parser/lcov.go:240.16,242.3 1 1
git.kernel.fun/chapati.systems/covpeek/pkg/parser/lcov.go:244.2,245.12 2 1
git.kernel.fun/chapati.systems/covpeek/pkg/parser/lcov.go:249.89,252.16 3 1
git.kernel.fun/chapati.systems/covpeek/pkg/parser/lcov.go:252.16,254.3 1 1
git.kernel.fun/chapati.systems/covpeek/pkg/parser/lcov.go:256.2,257.12 2 1
git.kernel.fun/chapati.systems/covpeek/pkg/parser/lcov.go:261.62,263.2 1 1
git.kernel.fun/chapati.systems/covpeek/pkg/parser/lcov.go:266.45,268.2 1 1
git.kernel.fun/chapati.systems/covpeek/pkg/parser/pycover_json.go:19.48,23.2 1 1
git.kernel.fun/chapati.systems/covpeek/pkg/parser/pycover_json.go:44.85,48.16 3 1
git.kernel.fun/chapati.systems/covpeek/pkg/parser/pycover_json.go:48.16,50.3 1 0
git.kernel.fun/chapati.systems/covpeek/pkg/parser/pycover_json.go:52.2,53.60 2 1
git.kernel.fun/chapati.systems/covpeek/pkg/parser/pycover_json.go:53.60,55.3 1 1
git.kernel.fun/chapati.systems/covpeek/pkg/parser/pycover_json.go:58.2,58.53 1 1
git.kernel.fun/chapati.systems/covpeek/pkg/parser/pycover_json.go:58.53,59.65 1 1
git.kernel.fun/chapati.systems/covpeek/pkg/parser/pycover_json.go:59.65,61.12 2 0
git.kernel.fun/chapati.systems/covpeek/pkg/parser/pycover_json.go:66.2,66.36 1 1
git.kernel.fun/chapati.systems/covpeek/pkg/parser/pycover_json.go:66.36,68.3 1 1
git.kernel.fun/chapati.systems/covpeek/pkg/parser/pycover_json.go:71.2,71.37 1 1
git.kernel.fun/chapati.systems/covpeek/pkg/parser/pycover_json.go:71.37,73.3 1 1
git.kernel.fun/chapati.systems/covpeek/pkg/parser/pycover_json.go:75.2,75.20 1 1
git.kernel.fun/chapati.systems/covpeek/pkg/parser/pycover_json.go:79.120,90.49 3 1
git.kernel.fun/chapati.systems/covpeek/pkg/parser/pycover_json.go:90.49,95.3 1 1
git.kernel.fun/chapati.systems/covpeek/pkg/parser/pycover_json.go:98.2,98.48 1 1
git.kernel.fun/chapati.systems/covpeek/pkg/parser/pycover_json.go:98.48,99.48 1 1
git.kernel.fun/chapati.systems/covpeek/pkg/parser/pycover_json.go:99.48,104.4 1 1
git.kernel.fun/chapati.systems/covpeek/pkg/parser/pycover_json.go:108.2,108.40 1 1
git.kernel.fun/chapati.systems/covpeek/pkg/parser/pycover_json.go:108.40,115.38 5 1
git.kernel.fun/chapati.systems/covpeek/pkg/parser/pycover_json.go:115.38,116.34 1 1
git.kernel.fun/chapati.systems/covpeek/pkg/parser/pycover_json.go:116.34,118.5 1 1
git.kernel.fun/chapati.systems/covpeek/pkg/parser/pycover_json.go:121.3,121.50 1 1
git.kernel.fun/chapati.systems/covpeek/pkg/parser/pycover_json.go:121.50,123.4 1 1
git.kernel.fun/chapati.systems/covpeek/pkg/parser/pycover_json.go:124.3,124.51 1 1
git.kernel.fun/chapati.systems/covpeek/pkg/parser/pycover_json.go:124.51,126.4 1 1
git.kernel.fun/chapati.systems/covpeek/pkg/parser/pycover_json.go:127.8,131.38 3 1
git.kernel.fun/chapati.systems/covpeek/pkg/parser/pycover_json.go:131.38,132.34 1 1
git.kernel.fun/chapati.systems/covpeek/pkg/parser/pycover_json.go:132.34,134.5 1 1
git.kernel.fun/chapati.systems/covpeek/pkg/parser/pycover_json.go:136.3,136.35 1 1
git.kernel.fun/chapati.systems/covpeek/pkg/parser/pycover_json.go:139.2,140.12 2 1
git.kernel.fun/chapati.systems/covpeek/pkg/parser/pycover_json.go:144.56,146.2 1 1
git.kernel.fun/chapati.systems/covpeek/pkg/parser/pycover_json.go:149.52,151.2 1 1
git.kernel.fun/chapati.systems/covpeek/pkg/parser/pycover_xml.go:19.46,23.2 1 1
git.kernel.fun/chapati.systems/covpeek/pkg/parser/pycover_xml.go:49.84,53.16 3 1
git.kernel.fun/chapati.systems/covpeek/pkg/parser/pycover_xml.go:53.16,55.3 1 0
git.kernel.fun/chapati.systems/covpeek/pkg/parser/pycover_xml.go:57.2,58.61 2 1
git.kernel.fun/chapati.systems/covpeek/pkg/parser/pycover_xml.go:58.61,60.3 1 1
git.kernel.fun/chapati.systems/covpeek/pkg/parser/pycover_xml.go:63.2,63.46 1 1
git.kernel.fun/chapati.systems/covpeek/pkg/parser/pycover_xml.go:63.46,64.37 1 1
git.kernel.fun/chapati.systems/covpeek/pkg/parser/pycover_xml.go:64.37,65.54 1 1
git.kernel.fun/chapati.systems/covpeek/pkg/parser/pycover_xml.go:65.54,67.13 2 0
git.kernel.fun/chapati.systems/covpeek/pkg/parser/pycover_xml.go:73.2,73.36 1 1
git.kernel.fun/chapati.systems/covpeek/pkg/parser/pycover_xml.go:73.36,75.3 1 1
git.kernel.fun/chapati.systems/covpeek/pkg/parser/pycover_xml.go:78.2,78.37 1 1
git.kernel.fun/chapati.systems/covpeek/pkg/parser/pycover_xml.go:78.37,80.3 1 1
git.kernel.fun/chapati.systems/covpeek/pkg/parser/pycover_xml.go:82.2,82.20 1 1
git.kernel.fun/chapati.systems/covpeek/pkg/parser/pycover_xml.go:86.89,97.35 3 1
git.kernel.fun/chapati.systems/covpeek/pkg/parser/pycover_xml.go:97.35,98.20 1 1
git.kernel.fun/chapati.systems/covpeek/pkg/parser/pycover_xml.go:98.20,100.4 1 1
git.kernel.fun/chapati.systems/covpeek/pkg/parser/pycover_xml.go:101.3,104.4 1 1
git.kernel.fun/chapati.systems/covpeek/pkg/parser/pycover_xml.go:108.2,110.37 3 1
git.kernel.fun/chapati.systems/covpeek/pkg/parser/pycover_xml.go:110.37,111.33 1 1
git.kernel.fun/chapati.systems/covpeek/pkg/parser/pycover_xml.go:111.33,113.4 1 1
git.kernel.fun/chapati.systems/covpeek/pkg/parser/pycover_xml.go:115.2,118.12 3 1
git.kernel.fun/chapati.systems/covpeek/pkg/parser/pycover_xml.go:122.55,124.2 1 1
git.kernel.fun/chapati.systems/covpeek/pkg/parser/pycover_xml.go:127.51,129.2 1 1
git.kernel.fun/chapati.systems/covpeek/main.go:6.14,7.2 0 0
